[0.018s] Invoking command in '/home/gsmst/gsmst/Unitree-Go2-Control/ros2_ws/src/go2_interfaces/build/go2_interfaces': CMAKE_PREFIX_PATH=/home/gsmst/gsmst/Unitree-Go2-Control/ros2_ws/install/lidar_processor:/opt/ros/humble CONDA_PROMPT_MODIFIER=(dogenv) /usr/bin/cmake /home/gsmst/gsmst/Unitree-Go2-Control/ros2_ws/src/go2_interfaces -DCMAKE_INSTALL_PREFIX=/home/gsmst/gsmst/Unitree-Go2-Control/ros2_ws/src/go2_interfaces/install/go2_interfaces
[0.041s] -- Found ament_cmake: 1.3.12 (/opt/ros/humble/share/ament_cmake/cmake)
[0.352s] -- Found rosidl_default_generators: 1.2.0 (/opt/ros/humble/share/rosidl_default_generators/cmake)
[0.357s] -- Using all available rosidl_typesupport_c: rosidl_typesupport_fastrtps_c;rosidl_typesupport_introspection_c
[0.367s] -- Found rosidl_adapter: 3.1.8 (/opt/ros/humble/share/rosidl_adapter/cmake)
[0.432s] -- Using all available rosidl_typesupport_cpp: rosidl_typesupport_fastrtps_cpp;rosidl_typesupport_introspection_cpp
[0.706s] [31mCMake Error at /opt/ros/humble/share/rosidl_adapter/cmake/rosidl_adapt_interfaces.cmake:59 (message):
[0.706s]   execute_process(/home/gsmst/.conda/envs/dogenv/bin/python3 -m
[0.706s]   rosidl_adapter --package-name go2_interfaces --arguments-file
[0.706s]   /home/gsmst/gsmst/Unitree-Go2-Control/ros2_ws/src/go2_interfaces/build/go2_interfaces/rosidl_adapter__arguments__go2_interfaces.json
[0.706s]   --output-dir
[0.707s]   /home/gsmst/gsmst/Unitree-Go2-Control/ros2_ws/src/go2_interfaces/build/go2_interfaces/rosidl_adapter/go2_interfaces
[0.707s]   --output-file
[0.707s]   /home/gsmst/gsmst/Unitree-Go2-Control/ros2_ws/src/go2_interfaces/build/go2_interfaces/rosidl_adapter/go2_interfaces.idls)
[0.707s]   returned error code 1:
[0.707s] 
[0.707s]   Traceback (most recent call last):
[0.707s] 
[0.707s]     File "/home/gsmst/.conda/envs/dogenv/lib/python3.10/runpy.py", line 196, in _run_module_as_main
[0.707s]       return _run_code(code, main_globals, None,
[0.708s]     File "/home/gsmst/.conda/envs/dogenv/lib/python3.10/runpy.py", line 86, in _run_code
[0.708s]       exec(code, run_globals)
[0.708s]     File "/opt/ros/humble/local/lib/python3.10/dist-packages/rosidl_adapter/__main__.py", line 19, in <module>
[0.708s]       sys.exit(main())
[0.708s]     File "/opt/ros/humble/local/lib/python3.10/dist-packages/rosidl_adapter/main.py", line 53, in main
[0.708s]       abs_idl_file = convert_to_idl(
[0.708s]     File "/opt/ros/humble/local/lib/python3.10/dist-packages/rosidl_adapter/__init__.py", line 18, in convert_to_idl
[0.708s]       from rosidl_adapter.msg import convert_msg_to_idl
[0.709s]     File "/opt/ros/humble/local/lib/python3.10/dist-packages/rosidl_adapter/msg/__init__.py", line 16, in <module>
[0.709s]       from rosidl_adapter.resource import expand_template
[0.709s]     File "/opt/ros/humble/local/lib/python3.10/dist-packages/rosidl_adapter/resource/__init__.py", line 19, in <module>
[0.709s]       import em
[0.709s] 
[0.709s]   ModuleNotFoundError: No module named 'em'
[0.709s] 
[0.709s] Call Stack (most recent call first):
[0.709s]   /opt/ros/humble/share/rosidl_cmake/cmake/rosidl_generate_interfaces.cmake:130 (rosidl_adapt_interfaces)
[0.710s]   CMakeLists.txt:18 (rosidl_generate_interfaces)
[0.710s] 
[0.710s] [0m
[0.710s] -- Configuring incomplete, errors occurred!
[0.710s] See also "/home/gsmst/gsmst/Unitree-Go2-Control/ros2_ws/src/go2_interfaces/build/go2_interfaces/CMakeFiles/CMakeOutput.log".
[0.722s] Invoked command in '/home/gsmst/gsmst/Unitree-Go2-Control/ros2_ws/src/go2_interfaces/build/go2_interfaces' returned '1': CMAKE_PREFIX_PATH=/home/gsmst/gsmst/Unitree-Go2-Control/ros2_ws/install/lidar_processor:/opt/ros/humble CONDA_PROMPT_MODIFIER=(dogenv) /usr/bin/cmake /home/gsmst/gsmst/Unitree-Go2-Control/ros2_ws/src/go2_interfaces -DCMAKE_INSTALL_PREFIX=/home/gsmst/gsmst/Unitree-Go2-Control/ros2_ws/src/go2_interfaces/install/go2_interfaces
