[0.025s] Invoking command in '/home/gsmst/gsmst/Unitree-Go2-Control/ros2_ws/src/go2_interfaces/build/go2_interfaces': CMAKE_PREFIX_PATH=/home/gsmst/gsmst/Unitree-Go2-Control/ros2_ws/install/lidar_processor:/opt/ros/humble CONDA_PROMPT_MODIFIER=(dogenv) /usr/bin/cmake /home/gsmst/gsmst/Unitree-Go2-Control/ros2_ws/src/go2_interfaces -DCMAKE_INSTALL_PREFIX=/home/gsmst/gsmst/Unitree-Go2-Control/ros2_ws/src/go2_interfaces/install/go2_interfaces
[0.215s] -- The C compiler identification is GNU 11.4.0
[0.375s] -- The CXX compiler identification is GNU 11.4.0
[0.397s] -- Detecting C compiler ABI info
[0.557s] -- Detecting C compiler ABI info - done
[0.577s] -- Check for working C compiler: /usr/bin/cc - skipped
[0.580s] -- Detecting C compile features
[0.582s] -- Detecting C compile features - done
[0.592s] -- Detecting CXX compiler ABI info
[0.747s] -- Detecting CXX compiler ABI info - done
[0.791s] -- Check for working CXX compiler: /usr/bin/c++ - skipped
[0.792s] -- Detecting CXX compile features
[0.792s] -- Detecting CXX compile features - done
[0.805s] -- Found ament_cmake: 1.3.12 (/opt/ros/humble/share/ament_cmake/cmake)
[1.770s] -- Found Python3: /home/gsmst/.conda/envs/dogenv/bin/python3 (found version "3.10.18") found components: Interpreter 
[2.011s] -- Found rosidl_default_generators: 1.2.0 (/opt/ros/humble/share/rosidl_default_generators/cmake)
[2.016s] -- Using all available rosidl_typesupport_c: rosidl_typesupport_fastrtps_c;rosidl_typesupport_introspection_c
[2.027s] -- Found rosidl_adapter: 3.1.8 (/opt/ros/humble/share/rosidl_adapter/cmake)
[2.105s] -- Using all available rosidl_typesupport_cpp: rosidl_typesupport_fastrtps_cpp;rosidl_typesupport_introspection_cpp
[2.167s] [31mCMake Error at /opt/ros/humble/share/rosidl_cmake/cmake/rosidl_generate_interfaces.cmake:93 (message):
[2.167s]   rosidl_generate_interfaces() the passed file 'msg/Num.msg' doesn't exist
[2.167s]   relative to the CMAKE_CURRENT_SOURCE_DIR
[2.167s]   '/home/gsmst/gsmst/Unitree-Go2-Control/ros2_ws/src/go2_interfaces'
[2.167s] Call Stack (most recent call first):
[2.168s]   CMakeLists.txt:18 (rosidl_generate_interfaces)
[2.168s] 
[2.168s] [0m
[2.168s] -- Configuring incomplete, errors occurred!
[2.168s] See also "/home/gsmst/gsmst/Unitree-Go2-Control/ros2_ws/src/go2_interfaces/build/go2_interfaces/CMakeFiles/CMakeOutput.log".
[2.181s] Invoked command in '/home/gsmst/gsmst/Unitree-Go2-Control/ros2_ws/src/go2_interfaces/build/go2_interfaces' returned '1': CMAKE_PREFIX_PATH=/home/gsmst/gsmst/Unitree-Go2-Control/ros2_ws/install/lidar_processor:/opt/ros/humble CONDA_PROMPT_MODIFIER=(dogenv) /usr/bin/cmake /home/gsmst/gsmst/Unitree-Go2-Control/ros2_ws/src/go2_interfaces -DCMAKE_INSTALL_PREFIX=/home/gsmst/gsmst/Unitree-Go2-Control/ros2_ws/src/go2_interfaces/install/go2_interfaces
